0 info it worked if it ends with ok
1 verbose cli [ '/home/panni/.nvm/versions/node/v5.1.0/bin/node',
1 verbose cli   '/home/panni/.nvm/versions/node/v5.1.0/bin/npm',
1 verbose cli   'i' ]
2 info using npm@3.3.12
3 info using node@v5.1.0
4 silly loadCurrentTree Starting
5 silly install loadCurrentTree
6 silly install readLocalPackageData
7 silly install normalizeTree
8 silly loadCurrentTree Finishing
9 silly loadIdealTree Starting
10 silly install loadIdealTree
11 silly cloneCurrentTree Starting
12 silly install cloneCurrentTreeToIdealTree
13 silly cloneCurrentTree Finishing
14 silly loadShrinkwrap Starting
15 silly install loadShrinkwrap
16 silly loadShrinkwrap Finishing
17 silly loadAllDepsIntoIdealTree Starting
18 silly install loadAllDepsIntoIdealTree
19 silly fetchNamedPackageData bootstrap
20 silly mapToRegistry name bootstrap
21 silly mapToRegistry using default registry
22 silly mapToRegistry registry https://registry.npmjs.org/
23 silly mapToRegistry uri https://registry.npmjs.org/bootstrap
24 silly fetchNamedPackageData jquery
25 silly mapToRegistry name jquery
26 silly mapToRegistry using default registry
27 silly mapToRegistry registry https://registry.npmjs.org/
28 silly mapToRegistry uri https://registry.npmjs.org/jquery
29 verbose request uri https://registry.npmjs.org/bootstrap
30 verbose request no auth needed
31 info attempt registry request try #1 at 02:28:21
32 verbose request using bearer token for auth
33 verbose request id 3f884ada96046368
34 verbose etag "6YNJCO5HUC636G04LBISPU02T"
35 http request GET https://registry.npmjs.org/bootstrap
36 verbose request uri https://registry.npmjs.org/jquery
37 verbose request no auth needed
38 info attempt registry request try #1 at 02:28:21
39 verbose request using bearer token for auth
40 verbose etag "EG2918PHGK0W159GPSF76Y9LC"
41 http request GET https://registry.npmjs.org/jquery
42 http 304 https://registry.npmjs.org/jquery
43 verbose headers { 'cache-control': 'max-age=300',
43 verbose headers   'accept-ranges': 'bytes',
43 verbose headers   date: 'Mon, 22 Aug 2016 00:28:24 GMT',
43 verbose headers   via: '1.1 varnish',
43 verbose headers   connection: 'keep-alive',
43 verbose headers   'x-served-by': 'cache-fra1222-FRA',
43 verbose headers   'x-cache': 'MISS',
43 verbose headers   'x-cache-hits': '0',
43 verbose headers   'x-timer': 'S1471825704.496767,VS0,VE418',
43 verbose headers   vary: 'Accept-Encoding' }
44 silly get cb [ 304,
44 silly get   { 'cache-control': 'max-age=300',
44 silly get     'accept-ranges': 'bytes',
44 silly get     date: 'Mon, 22 Aug 2016 00:28:24 GMT',
44 silly get     via: '1.1 varnish',
44 silly get     connection: 'keep-alive',
44 silly get     'x-served-by': 'cache-fra1222-FRA',
44 silly get     'x-cache': 'MISS',
44 silly get     'x-cache-hits': '0',
44 silly get     'x-timer': 'S1471825704.496767,VS0,VE418',
44 silly get     vary: 'Accept-Encoding' } ]
45 verbose etag https://registry.npmjs.org/jquery from cache
46 verbose get saving jquery to /home/panni/.npm/registry.npmjs.org/jquery/.cache.json
47 silly resolveWithNewModule jquery@3.1.0 checking installable status
48 silly cache add args [ 'jquery@latest', null ]
49 verbose cache add spec jquery@latest
50 silly cache add parsed spec Result {
50 silly cache add   raw: 'jquery@latest',
50 silly cache add   scope: null,
50 silly cache add   name: 'jquery',
50 silly cache add   rawSpec: 'latest',
50 silly cache add   spec: 'latest',
50 silly cache add   type: 'tag' }
51 silly addNamed jquery@latest
52 verbose addNamed "latest" is being treated as a dist-tag for jquery
53 info addNameTag [ 'jquery', 'latest' ]
54 silly mapToRegistry name jquery
55 silly mapToRegistry using default registry
56 silly mapToRegistry registry https://registry.npmjs.org/
57 silly mapToRegistry uri https://registry.npmjs.org/jquery
58 verbose addNameTag registry:https://registry.npmjs.org/jquery not in flight; fetching
59 verbose get https://registry.npmjs.org/jquery not expired, no request
60 silly addNameTag next cb for jquery with tag latest
61 silly addNamed jquery@3.1.0
62 verbose addNamed "3.1.0" is a plain semver version for jquery
63 silly cache afterAdd jquery@3.1.0
64 verbose afterAdd /home/panni/.npm/jquery/3.1.0/package/package.json not in flight; writing
65 verbose afterAdd /home/panni/.npm/jquery/3.1.0/package/package.json written
66 http 304 https://registry.npmjs.org/bootstrap
67 verbose headers { 'cache-control': 'max-age=300',
67 verbose headers   'accept-ranges': 'bytes',
67 verbose headers   date: 'Mon, 22 Aug 2016 00:28:25 GMT',
67 verbose headers   via: '1.1 varnish',
67 verbose headers   connection: 'keep-alive',
67 verbose headers   'x-served-by': 'cache-fra1227-FRA',
67 verbose headers   'x-cache': 'MISS',
67 verbose headers   'x-cache-hits': '0',
67 verbose headers   'x-timer': 'S1471825704.473427,VS0,VE732',
67 verbose headers   vary: 'Accept-Encoding' }
68 silly get cb [ 304,
68 silly get   { 'cache-control': 'max-age=300',
68 silly get     'accept-ranges': 'bytes',
68 silly get     date: 'Mon, 22 Aug 2016 00:28:25 GMT',
68 silly get     via: '1.1 varnish',
68 silly get     connection: 'keep-alive',
68 silly get     'x-served-by': 'cache-fra1227-FRA',
68 silly get     'x-cache': 'MISS',
68 silly get     'x-cache-hits': '0',
68 silly get     'x-timer': 'S1471825704.473427,VS0,VE732',
68 silly get     vary: 'Accept-Encoding' } ]
69 verbose etag https://registry.npmjs.org/bootstrap from cache
70 verbose get saving bootstrap to /home/panni/.npm/registry.npmjs.org/bootstrap/.cache.json
71 silly fetchPackageMetaData Error: No compatible version found: bootstrap@2.2
71 silly fetchPackageMetaData Valid install targets:
71 silly fetchPackageMetaData 4.0.0-alpha.3, 4.0.0-alpha.2, 3.3.7, 3.3.6, 3.3.5, 3.3.4, 3.3.2, 3.3.1, 3.3.0, 3.2.0, 3.1.1, 0.0.2, 0.0.1
71 silly fetchPackageMetaData
71 silly fetchPackageMetaData     at pickVersionFromRegistryDocument (/home/panni/.nvm/versions/node/v5.1.0/lib/node_modules/npm/lib/fetch-package-metadata.js:156:16)
71 silly fetchPackageMetaData     at /home/panni/.nvm/versions/node/v5.1.0/lib/node_modules/npm/node_modules/iferr/index.js:13:50
71 silly fetchPackageMetaData     at /home/panni/.nvm/versions/node/v5.1.0/lib/node_modules/npm/lib/utils/pulse-till-done.js:19:8
71 silly fetchPackageMetaData     at saved (/home/panni/.nvm/versions/node/v5.1.0/lib/node_modules/npm/lib/cache/caching-client.js:168:7)
71 silly fetchPackageMetaData     at /home/panni/.nvm/versions/node/v5.1.0/lib/node_modules/npm/node_modules/graceful-fs/polyfills.js:210:7
71 silly fetchPackageMetaData     at FSReqWrap.oncomplete (fs.js:82:15)
71 silly fetchPackageMetaData  error for bootstrap@2.2 [Error: No compatible version found: bootstrap@2.2
71 silly fetchPackageMetaData Valid install targets:
71 silly fetchPackageMetaData 4.0.0-alpha.3, 4.0.0-alpha.2, 3.3.7, 3.3.6, 3.3.5, 3.3.4, 3.3.2, 3.3.1, 3.3.0, 3.2.0, 3.1.1, 0.0.2, 0.0.1
71 silly fetchPackageMetaData ]
72 silly rollbackFailedOptional Starting
73 silly rollbackFailedOptional Finishing
74 silly runTopLevelLifecycles Starting
75 silly runTopLevelLifecycles Finishing
76 silly install printInstalled
77 verbose stack Error: No compatible version found: bootstrap@2.2
77 verbose stack Valid install targets:
77 verbose stack 4.0.0-alpha.3, 4.0.0-alpha.2, 3.3.7, 3.3.6, 3.3.5, 3.3.4, 3.3.2, 3.3.1, 3.3.0, 3.2.0, 3.1.1, 0.0.2, 0.0.1
77 verbose stack
77 verbose stack     at pickVersionFromRegistryDocument (/home/panni/.nvm/versions/node/v5.1.0/lib/node_modules/npm/lib/fetch-package-metadata.js:156:16)
77 verbose stack     at /home/panni/.nvm/versions/node/v5.1.0/lib/node_modules/npm/node_modules/iferr/index.js:13:50
77 verbose stack     at /home/panni/.nvm/versions/node/v5.1.0/lib/node_modules/npm/lib/utils/pulse-till-done.js:19:8
77 verbose stack     at saved (/home/panni/.nvm/versions/node/v5.1.0/lib/node_modules/npm/lib/cache/caching-client.js:168:7)
77 verbose stack     at /home/panni/.nvm/versions/node/v5.1.0/lib/node_modules/npm/node_modules/graceful-fs/polyfills.js:210:7
77 verbose stack     at FSReqWrap.oncomplete (fs.js:82:15)
78 verbose cwd /home/panni/Code/Github/social-scheduler
79 error Linux 3.16.0-38-generic
80 error argv "/home/panni/.nvm/versions/node/v5.1.0/bin/node" "/home/panni/.nvm/versions/node/v5.1.0/bin/npm" "i"
81 error node v5.1.0
82 error npm  v3.3.12
83 error No compatible version found: bootstrap@2.2
83 error Valid install targets:
83 error 4.0.0-alpha.3, 4.0.0-alpha.2, 3.3.7, 3.3.6, 3.3.5, 3.3.4, 3.3.2, 3.3.1, 3.3.0, 3.2.0, 3.1.1, 0.0.2, 0.0.1
84 error If you need help, you may report this error at:
84 error     <https://github.com/npm/npm/issues>
85 verbose exit [ 1, true ]
